<?xml version="1.0" encoding="UTF-8"?>
<robot generator="Robot 4.1.3 (Python 3.8.2 on win32)" generated="20220208 23:38:29.045" rpa="false" schemaversion="2">
<suite id="s1" name="PageObject" source="D:\workspace_python\PageObjectModel\Tests\PageObject.robot">
<test id="s1-t1" name="Verify Successful Login to OrangeHRM">
<kw name="open the app browser" library="Common" type="SETUP">
<kw name="Open Browser" library="SeleniumLibrary">
<arg>${site_url}</arg>
<arg>${browser}</arg>
<doc>Opens a new browser instance to the optional ``url``.</doc>
<msg timestamp="20220208 23:38:29.257" level="INFO">Opening browser 'Chrome' to base url 'https://opensource-demo.orangehrmlive.com/'.</msg>
<status status="PASS" starttime="20220208 23:38:29.257" endtime="20220208 23:38:32.300"/>
</kw>
<kw name="Maximize Browser Window" library="SeleniumLibrary">
<doc>Maximizes current browser window.</doc>
<status status="PASS" starttime="20220208 23:38:32.301" endtime="20220208 23:38:32.418"/>
</kw>
<kw name="Wait Until Element Is Visible" library="SeleniumLibrary">
<arg>${LoginUsernameInputBox}</arg>
<arg>timeout=5</arg>
<doc>Waits until the element ``locator`` is visible.</doc>
<status status="PASS" starttime="20220208 23:38:32.418" endtime="20220208 23:38:32.441"/>
</kw>
<status status="PASS" starttime="20220208 23:38:29.256" endtime="20220208 23:38:32.441"/>
</kw>
<kw name="Input Username" library="LoginPage">
<kw name="Input Text" library="SeleniumLibrary">
<arg>${LoginUsernameInputBox}</arg>
<arg>${Username}</arg>
<doc>Types the given ``text`` into the text field identified by ``locator``.</doc>
<msg timestamp="20220208 23:38:32.443" level="INFO">Typing text 'Admin' into text field 'id:txtUsername'.</msg>
<status status="PASS" starttime="20220208 23:38:32.442" endtime="20220208 23:38:32.511"/>
</kw>
<status status="PASS" starttime="20220208 23:38:32.442" endtime="20220208 23:38:32.511"/>
</kw>
<kw name="Input MyPassword" library="LoginPage">
<kw name="Input Password" library="SeleniumLibrary">
<arg>${LoginPasswordInputBox}</arg>
<arg>${Password}</arg>
<doc>Types the given password into the text field identified by ``locator``.</doc>
<msg timestamp="20220208 23:38:32.513" level="INFO">Typing password into text field 'id:txtPassword'.</msg>
<msg timestamp="20220208 23:38:32.545" level="INFO">Temporally setting log level to: NONE</msg>
<msg timestamp="20220208 23:38:32.584" level="INFO">Log level changed from NONE to INFO.</msg>
<status status="PASS" starttime="20220208 23:38:32.512" endtime="20220208 23:38:32.584"/>
</kw>
<status status="PASS" starttime="20220208 23:38:32.512" endtime="20220208 23:38:32.584"/>
</kw>
<kw name="Click Login" library="LoginPage">
<kw name="Click Element" library="SeleniumLibrary">
<arg>${LoginButton}</arg>
<doc>Click the element identified by ``locator``.</doc>
<msg timestamp="20220208 23:38:32.585" level="INFO">Clicking element 'id:btnLogin'.</msg>
<status status="PASS" starttime="20220208 23:38:32.585" endtime="20220208 23:38:35.827"/>
</kw>
<status status="PASS" starttime="20220208 23:38:32.585" endtime="20220208 23:38:35.827"/>
</kw>
<kw name="Verify Welcome Text is Visible" library="HomePage">
<kw name="Element Should Be Visible" library="SeleniumLibrary">
<arg>${WelcomeText}</arg>
<arg>timeout=5</arg>
<doc>Verifies that the element identified by ``locator`` is visible.</doc>
<msg timestamp="20220208 23:38:35.847" level="INFO">Element 'id:welcome' is displayed.</msg>
<status status="PASS" starttime="20220208 23:38:35.828" endtime="20220208 23:38:35.847"/>
</kw>
<status status="PASS" starttime="20220208 23:38:35.827" endtime="20220208 23:38:35.847"/>
</kw>
<kw name="Verify Welcome Text is Visible" library="HomePage">
<kw name="Element Should Be Visible" library="SeleniumLibrary">
<arg>${WelcomeText}</arg>
<arg>timeout=5</arg>
<doc>Verifies that the element identified by ``locator`` is visible.</doc>
<msg timestamp="20220208 23:38:35.860" level="INFO">Element 'id:welcome' is displayed.</msg>
<status status="PASS" starttime="20220208 23:38:35.848" endtime="20220208 23:38:35.860"/>
</kw>
<status status="PASS" starttime="20220208 23:38:35.848" endtime="20220208 23:38:35.860"/>
</kw>
<kw name="Logout" library="HomePage">
<kw name="Click Element" library="SeleniumLibrary">
<arg>${WelcomeText}</arg>
<doc>Click the element identified by ``locator``.</doc>
<msg timestamp="20220208 23:38:35.861" level="INFO">Clicking element 'id:welcome'.</msg>
<status status="PASS" starttime="20220208 23:38:35.861" endtime="20220208 23:38:35.894"/>
</kw>
<kw name="Wait Until Element Is Visible" library="SeleniumLibrary">
<arg>${LogoutButton}</arg>
<arg>timeout=5</arg>
<doc>Waits until the element ``locator`` is visible.</doc>
<status status="PASS" starttime="20220208 23:38:35.894" endtime="20220208 23:38:36.124"/>
</kw>
<kw name="Click Element" library="SeleniumLibrary">
<arg>${LogoutButton}</arg>
<doc>Click the element identified by ``locator``.</doc>
<msg timestamp="20220208 23:38:36.125" level="INFO">Clicking element 'css:[href='/index.php/auth/logout']'.</msg>
<status status="PASS" starttime="20220208 23:38:36.125" endtime="20220208 23:38:36.584"/>
</kw>
<kw name="Wait Until Element Is Visible" library="SeleniumLibrary">
<arg>${LoginUsernameInputBox}</arg>
<arg>timeout=5</arg>
<doc>Waits until the element ``locator`` is visible.</doc>
<status status="PASS" starttime="20220208 23:38:36.584" endtime="20220208 23:38:36.600"/>
</kw>
<status status="PASS" starttime="20220208 23:38:35.861" endtime="20220208 23:38:36.600"/>
</kw>
<kw name="close the app browser" library="Common" type="TEARDOWN">
<kw name="Close Browser" library="SeleniumLibrary">
<doc>Closes the current browser.</doc>
<status status="PASS" starttime="20220208 23:38:36.601" endtime="20220208 23:38:38.738"/>
</kw>
<status status="PASS" starttime="20220208 23:38:36.600" endtime="20220208 23:38:38.738"/>
</kw>
<doc>This test case verifies that the user is able to successfully Login and Logout to OrangeHRM using Page Object</doc>
<tag>Smoke</tag>
<status status="PASS" starttime="20220208 23:38:29.256" endtime="20220208 23:38:38.739"/>
</test>
<doc>Page Object in Robot Framework</doc>
<status status="PASS" starttime="20220208 23:38:29.046" endtime="20220208 23:38:38.740"/>
</suite>
<statistics>
<total>
<stat pass="1" fail="0" skip="0">All Tests</stat>
</total>
<tag>
<stat pass="1" fail="0" skip="0">Smoke</stat>
</tag>
<suite>
<stat pass="1" fail="0" skip="0" id="s1" name="PageObject">PageObject</stat>
</suite>
</statistics>
<errors>
</errors>
</robot>
